app/build/intermediates/manifest_merge_blame_file/debug/processDebugMainManifest/manifest-merger-blame-debug-report.txt
1<?xml version="1.0" encoding="utf-8"?>
2<manifest xmlns:android="http://schemas.android.com/apk/res/android"
3    package="com.emulsify.prescriptionreader"
4    android:versionCode="1"
5    android:versionName="1.0" >
6
7    <uses-sdk
8        android:minSdkVersion="24"
9        android:targetSdkVersion="34" />
10
11    <uses-permission android:name="android.permission.INTERNET" />
11-->src\main\AndroidManifest.xml:5:5-67
11-->src\main\AndroidManifest.xml:5:22-64
12    <uses-permission android:name="android.permission.READ_EXTERNAL_STORAGE" />
12-->src\main\AndroidManifest.xml:6:5-80
12-->src\main\AndroidManifest.xml:6:22-77
13    <uses-permission android:name="android.permission.WRITE_EXTERNAL_STORAGE" />
13-->src\main\AndroidManifest.xml:7:5-81
13-->src\main\AndroidManifest.xml:7:22-78
14    <uses-permission android:name="android.permission.CAMERA" />
14-->src\main\AndroidManifest.xml:8:5-65
14-->src\main\AndroidManifest.xml:8:22-62
15
16    <permission
16-->[androidx.core:core:1.12.0] AndroidManifest.xml:22:5-24:47
17        android:name="com.emulsify.prescriptionreader.DYNAMIC_RECEIVER_NOT_EXPORTED_PERMISSION"
17-->[androidx.core:core:1.12.0] AndroidManifest.xml:23:9-81
18        android:protectionLevel="signature" />
18-->[androidx.core:core:1.12.0] AndroidManifest.xml:24:9-44
19
20    <uses-permission android:name="com.emulsify.prescriptionreader.DYNAMIC_RECEIVER_NOT_EXPORTED_PERMISSION" />
20-->[androidx.core:core:1.12.0] AndroidManifest.xml:26:5-97
20-->[androidx.core:core:1.12.0] AndroidManifest.xml:26:22-94
21
22    <application
22-->src\main\AndroidManifest.xml:10:5-40:19
23        android:allowBackup="true"
23-->src\main\AndroidManifest.xml:11:9-35
24        android:appComponentFactory="androidx.core.app.CoreComponentFactory"
24-->[androidx.core:core:1.12.0] AndroidManifest.xml:28:18-86
25        android:dataExtractionRules="@xml/data_extraction_rules"
25-->src\main\AndroidManifest.xml:12:9-65
26        android:debuggable="true"
27        android:extractNativeLibs="false"
28        android:fullBackupContent="@xml/backup_rules"
28-->src\main\AndroidManifest.xml:13:9-54
29        android:icon="@drawable/ic_launcher_legacy"
29-->src\main\AndroidManifest.xml:14:9-52
30        android:label="@string/app_name"
30-->src\main\AndroidManifest.xml:15:9-41
31        android:networkSecurityConfig="@xml/network_security_config"
31-->src\main\AndroidManifest.xml:16:9-69
32        android:testOnly="true"
33        android:theme="@style/Theme.PrescriptionReader"
33-->src\main\AndroidManifest.xml:18:9-56
34        android:usesCleartextTraffic="true" >
34-->src\main\AndroidManifest.xml:17:9-44
35        <activity
35-->src\main\AndroidManifest.xml:21:9-29:20
36            android:name="com.emulsify.prescriptionreader.MainActivity"
36-->src\main\AndroidManifest.xml:22:13-72
37            android:exported="true"
37-->src\main\AndroidManifest.xml:23:13-36
38            android:theme="@style/Theme.PrescriptionReader.Splash" >
38-->src\main\AndroidManifest.xml:24:13-67
39            <intent-filter>
39-->src\main\AndroidManifest.xml:25:13-28:29
40                <action android:name="android.intent.action.MAIN" />
40-->src\main\AndroidManifest.xml:26:17-69
40-->src\main\AndroidManifest.xml:26:25-66
41
42                <category android:name="android.intent.category.LAUNCHER" />
42-->src\main\AndroidManifest.xml:27:17-77
42-->src\main\AndroidManifest.xml:27:27-74
43            </intent-filter>
44        </activity>
45
46        <provider
47            android:name="androidx.core.content.FileProvider"
47-->src\main\AndroidManifest.xml:32:13-62
48            android:authorities="com.emulsify.prescriptionreader.provider"
48-->src\main\AndroidManifest.xml:33:13-60
49            android:exported="false"
49-->src\main\AndroidManifest.xml:34:13-37
50            android:grantUriPermissions="true" >
50-->src\main\AndroidManifest.xml:35:13-47
51            <meta-data
51-->src\main\AndroidManifest.xml:36:13-38:58
52                android:name="android.support.FILE_PROVIDER_PATHS"
52-->src\main\AndroidManifest.xml:37:17-67
53                android:resource="@xml/provider_paths" />
53-->src\main\AndroidManifest.xml:38:17-55
54        </provider>
55
56        <activity
56-->[androidx.compose.ui:ui-tooling-android:1.5.4] AndroidManifest.xml:23:9-25:39
57            android:name="androidx.compose.ui.tooling.PreviewActivity"
57-->[androidx.compose.ui:ui-tooling-android:1.5.4] AndroidManifest.xml:24:13-71
58            android:exported="true" />
58-->[androidx.compose.ui:ui-tooling-android:1.5.4] AndroidManifest.xml:25:13-36
59        <activity
59-->[androidx.compose.ui:ui-test-manifest:1.5.4] AndroidManifest.xml:23:9-25:39
60            android:name="androidx.activity.ComponentActivity"
60-->[androidx.compose.ui:ui-test-manifest:1.5.4] AndroidManifest.xml:24:13-63
61            android:exported="true" />
61-->[androidx.compose.ui:ui-test-manifest:1.5.4] AndroidManifest.xml:25:13-36
62
63        <provider
63-->[androidx.emoji2:emoji2:1.4.0] AndroidManifest.xml:24:9-32:20
64            android:name="androidx.startup.InitializationProvider"
64-->[androidx.emoji2:emoji2:1.4.0] AndroidManifest.xml:25:13-67
65            android:authorities="com.emulsify.prescriptionreader.androidx-startup"
65-->[androidx.emoji2:emoji2:1.4.0] AndroidManifest.xml:26:13-68
66            android:exported="false" >
66-->[androidx.emoji2:emoji2:1.4.0] AndroidManifest.xml:27:13-37
67            <meta-data
67-->[androidx.emoji2:emoji2:1.4.0] AndroidManifest.xml:29:13-31:52
68                android:name="androidx.emoji2.text.EmojiCompatInitializer"
68-->[androidx.emoji2:emoji2:1.4.0] AndroidManifest.xml:30:17-75
69                android:value="androidx.startup" />
69-->[androidx.emoji2:emoji2:1.4.0] AndroidManifest.xml:31:17-49
70            <meta-data
70-->[androidx.lifecycle:lifecycle-process:2.7.0] AndroidManifest.xml:29:13-31:52
71                android:name="androidx.lifecycle.ProcessLifecycleInitializer"
71-->[androidx.lifecycle:lifecycle-process:2.7.0] AndroidManifest.xml:30:17-78
72                android:value="androidx.startup" />
72-->[androidx.lifecycle:lifecycle-process:2.7.0] AndroidManifest.xml:31:17-49
73            <meta-data
73-->[androidx.profileinstaller:profileinstaller:1.3.1] AndroidManifest.xml:29:13-31:52
74                android:name="androidx.profileinstaller.ProfileInstallerInitializer"
74-->[androidx.profileinstaller:profileinstaller:1.3.1] AndroidManifest.xml:30:17-85
75                android:value="androidx.startup" />
75-->[androidx.profileinstaller:profileinstaller:1.3.1] AndroidManifest.xml:31:17-49
76        </provider>
77
78        <receiver
78-->[androidx.profileinstaller:profileinstaller:1.3.1] AndroidManifest.xml:34:9-52:20
79            android:name="androidx.profileinstaller.ProfileInstallReceiver"
79-->[androidx.profileinstaller:profileinstaller:1.3.1] AndroidManifest.xml:35:13-76
80            android:directBootAware="false"
80-->[androidx.profileinstaller:profileinstaller:1.3.1] AndroidManifest.xml:36:13-44
81            android:enabled="true"
81-->[androidx.profileinstaller:profileinstaller:1.3.1] AndroidManifest.xml:37:13-35
82            android:exported="true"
82-->[androidx.profileinstaller:profileinstaller:1.3.1] AndroidManifest.xml:38:13-36
83            android:permission="android.permission.DUMP" >
83-->[androidx.profileinstaller:profileinstaller:1.3.1] AndroidManifest.xml:39:13-57
84            <intent-filter>
84-->[androidx.profileinstaller:profileinstaller:1.3.1] AndroidManifest.xml:40:13-42:29
85                <action android:name="androidx.profileinstaller.action.INSTALL_PROFILE" />
85-->[androidx.profileinstaller:profileinstaller:1.3.1] AndroidManifest.xml:41:17-91
85-->[androidx.profileinstaller:profileinstaller:1.3.1] AndroidManifest.xml:41:25-88
86            </intent-filter>
87            <intent-filter>
87-->[androidx.profileinstaller:profileinstaller:1.3.1] AndroidManifest.xml:43:13-45:29
88                <action android:name="androidx.profileinstaller.action.SKIP_FILE" />
88-->[androidx.profileinstaller:profileinstaller:1.3.1] AndroidManifest.xml:44:17-85
88-->[androidx.profileinstaller:profileinstaller:1.3.1] AndroidManifest.xml:44:25-82
89            </intent-filter>
90            <intent-filter>
90-->[androidx.profileinstaller:profileinstaller:1.3.1] AndroidManifest.xml:46:13-48:29
91                <action android:name="androidx.profileinstaller.action.SAVE_PROFILE" />
91-->[androidx.profileinstaller:profileinstaller:1.3.1] AndroidManifest.xml:47:17-88
91-->[androidx.profileinstaller:profileinstaller:1.3.1] AndroidManifest.xml:47:25-85
92            </intent-filter>
93            <intent-filter>
93-->[androidx.profileinstaller:profileinstaller:1.3.1] AndroidManifest.xml:49:13-51:29
94                <action android:name="androidx.profileinstaller.action.BENCHMARK_OPERATION" />
94-->[androidx.profileinstaller:profileinstaller:1.3.1] AndroidManifest.xml:50:17-95
94-->[androidx.profileinstaller:profileinstaller:1.3.1] AndroidManifest.xml:50:25-92
95            </intent-filter>
96        </receiver>
97    </application>
98
99</manifest>